<?xml version="1.0" encoding="UTF-8"?>
<testsuite name="com.example.tests.AllTests" time="11.51" tests="5" errors="4" skipped="0" failures="0">
  <properties>
[...]
</properties>
  <testcase name="testLoginOk" classname="com.example.tests.LoginOk" time="0.119">
    <error message="The driver executable does not exist: C:\usr\bin\chromedriver" type="java.lang.IllegalStateException"><![CDATA[java.lang.IllegalStateException: The driver executable does not exist: C:\usr\bin\chromedriver
	at com.google.common.base.Preconditions.checkState(Preconditions.java:518)
	at org.openqa.selenium.remote.service.DriverService.checkExecutable(DriverService.java:136)
	at org.openqa.selenium.remote.service.DriverService.findExecutable(DriverService.java:131)
	at org.openqa.selenium.chrome.ChromeDriverService.access$000(ChromeDriverService.java:32)
	at org.openqa.selenium.chrome.ChromeDriverService$Builder.findDefaultExecutable(ChromeDriverService.java:137)
	at org.openqa.selenium.remote.service.DriverService$Builder.build(DriverService.java:330)
	at org.openqa.selenium.chrome.ChromeDriverService.createDefaultService(ChromeDriverService.java:88)
	at org.openqa.selenium.chrome.ChromeDriver.<init>(ChromeDriver.java:124)
	at com.example.tests.LoginOk.setUp(LoginOk.java:33)
]]></error>
  </testcase>
  <testcase name="testLoginOk" classname="com.example.tests.LoginOk" time="0.119">
    <error type="java.lang.NullPointerException:">java.lang.NullPointerException: null
	at com.example.tests.LoginOk.tearDown(LoginOk.java:68)
</error>
  </testcase>
  <testcase name="testRegistroKOyaExiste" classname="com.example.tests.RegistroKOyaExiste" time="0">
    <error message="The driver executable does not exist: C:\usr\bin\chromedriver" type="java.lang.IllegalStateException"><![CDATA[java.lang.IllegalStateException: The driver executable does not exist: C:\usr\bin\chromedriver
	at com.google.common.base.Preconditions.checkState(Preconditions.java:518)
	at org.openqa.selenium.remote.service.DriverService.checkExecutable(DriverService.java:136)
	at org.openqa.selenium.remote.service.DriverService.findExecutable(DriverService.java:131)
	at org.openqa.selenium.chrome.ChromeDriverService.access$000(ChromeDriverService.java:32)
	at org.openqa.selenium.chrome.ChromeDriverService$Builder.findDefaultExecutable(ChromeDriverService.java:137)
	at org.openqa.selenium.remote.service.DriverService$Builder.build(DriverService.java:330)
	at org.openqa.selenium.chrome.ChromeDriverService.createDefaultService(ChromeDriverService.java:88)
	at org.openqa.selenium.chrome.ChromeDriver.<init>(ChromeDriver.java:124)
	at com.example.tests.RegistroKOyaExiste.setUp(RegistroKOyaExiste.java:37)
]]></error>
  </testcase>
  <testcase name="testRegistroKOyaExiste" classname="com.example.tests.RegistroKOyaExiste" time="0">
    <error type="java.lang.NullPointerException:">java.lang.NullPointerException: null
	at com.example.tests.RegistroKOyaExiste.tearDown(RegistroKOyaExiste.java:76)
</error>
  </testcase>
  <testcase name="testRegistroRandom" classname="com.example.tests.RegistroRandom" time="11.391"/>
</testsuite>